proguard/mapping.txt
com.zgcar.com.R -> com.zgcar.com.a:
com.zgcar.com.R$styleable -> com.zgcar.com.b:
    int[] ActionBar -> ActionBar
    int ActionBar_background -> ActionBar_background
    int ActionBar_backgroundSplit -> ActionBar_backgroundSplit
    int ActionBar_backgroundStacked -> ActionBar_backgroundStacked
    int ActionBar_customNavigationLayout -> ActionBar_customNavigationLayout
    int ActionBar_displayOptions -> ActionBar_displayOptions
    int ActionBar_divider -> ActionBar_divider
    int ActionBar_height -> ActionBar_height
    int ActionBar_homeLayout -> ActionBar_homeLayout
    int ActionBar_icon -> ActionBar_icon
    int ActionBar_indeterminateProgressStyle -> ActionBar_indeterminateProgressStyle
    int ActionBar_itemPadding -> ActionBar_itemPadding
    int ActionBar_logo -> ActionBar_logo
    int ActionBar_navigationMode -> ActionBar_navigationMode
    int ActionBar_progressBarPadding -> ActionBar_progressBarPadding
    int ActionBar_progressBarStyle -> ActionBar_progressBarStyle
    int ActionBar_subtitle -> ActionBar_subtitle
    int ActionBar_subtitleTextStyle -> ActionBar_subtitleTextStyle
    int ActionBar_title -> ActionBar_title
    int ActionBar_titleTextStyle -> ActionBar_titleTextStyle
    int[] ActionBarLayout -> ActionBarLayout
    int ActionBarLayout_android_layout_gravity -> ActionBarLayout_android_layout_gravity
    int[] ActionBarWindow -> ActionBarWindow
    int ActionBarWindow_windowActionBar -> ActionBarWindow_windowActionBar
com.zgcar.com.account.ActivityAboutApp -> com.zgcar.com.account.ActivityAboutApp:
    android.widget.TextView versionTv -> a
    android.widget.TextView versionTv1 -> b
    android.app.Dialog dialog -> c
    java.lang.String newVersionLink -> d
    java.lang.String version -> e
    android.app.ProgressDialog progressDialog -> f
    android.os.Handler handler -> g
    void onCreate(android.os.Bundle) -> onCreate
    java.lang.String getRequestJson() -> c
    void getAppVersionInfo() -> d
    void connectService() -> e
    void initialize() -> f
    void onClick(android.view.View) -> onClick
    void update() -> g
    void dismissDialog() -> h
    void showProdressDialog() -> i
    android.app.Dialog getDialog() -> j
    void showUpDetaDialog() -> k
    void update(java.lang.String) -> a
    void downSucceed() -> a
    void downFailed() -> b
    android.widget.TextView access$0(com.zgcar.com.account.ActivityAboutApp) -> a
    void access$1(com.zgcar.com.account.ActivityAboutApp) -> b
    android.app.ProgressDialog access$2(com.zgcar.com.account.ActivityAboutApp) -> c
    java.lang.String access$3(com.zgcar.com.account.ActivityAboutApp) -> d
    void access$4(com.zgcar.com.account.ActivityAboutApp) -> e
    java.lang.String access$5(com.zgcar.com.account.ActivityAboutApp) -> f
    void access$6(com.zgcar.com.account.ActivityAboutApp,java.lang.String) -> a
    android.os.Handler access$7(com.zgcar.com.account.ActivityAboutApp) -> g
com.zgcar.com.account.ActivityAboutApp$1 -> com.zgcar.com.account.a:
    com.zgcar.com.account.ActivityAboutApp this$0 -> a
    void handleMessage(android.os.Message) -> handleMessage
com.zgcar.com.account.ActivityAboutApp$2 -> com.zgcar.com.account.b:
    com.zgcar.com.account.ActivityAboutApp this$0 -> a
    void run() -> run
com.zgcar.com.account.ActivityAboutApp$3 -> com.zgcar.com.account.c:
    com.zgcar.com.account.ActivityAboutApp this$0 -> a
    void run() -> run
com.zgcar.com.account.ActivityAboutApp$4 -> com.zgcar.com.account.d:
    com.zgcar.com.account.ActivityAboutApp this$0 -> a
    void run() -> run
com.zgcar.com.account.ActivityAboutAppPermission -> com.zgcar.com.account.ActivityAboutAppPermission:
    void onCreate(android.os.Bundle) -> onCreate
com.zgcar.com.account.ActivityAboutAppPermission$1 -> com.zgcar.com.account.e:
    com.zgcar.com.account.ActivityAboutAppPermission this$0 -> a
    void onClick(android.view.View) -> onClick
...
android.support.v4.view.ViewPager$Decor -> android.support.v4.view.ViewPager$Decor:
android.support.v4.view.ViewPager$ItemInfo -> android.support.v4.view.ViewPager$ItemInfo:
    java.lang.Object object -> object
    int position -> position
    boolean scrolling -> scrolling
    float widthFactor -> widthFactor
    float offset -> offset
android.support.v4.view.ViewPager$LayoutParams -> android.support.v4.view.ViewPager$LayoutParams:
    boolean isDecor -> isDecor
    int gravity -> gravity
    float widthFactor -> widthFactor
    boolean needsMeasure -> needsMeasure
    int position -> position
    int childIndex -> childIndex
android.support.v4.view.ViewPager$MyAccessibilityDelegate -> android.support.v4.view.ViewPager$MyAccessibilityDelegate:
    android.support.v4.view.ViewPager this$0 -> this$0
    void onInitializeAccessibilityEvent(android.view.View,android.view.accessibility.AccessibilityEvent) -> onInitializeAccessibilityEvent
    void onInitializeAccessibilityNodeInfo(android.view.View,android.support.v4.view.accessibility.AccessibilityNodeInfoCompat) -> onInitializeAccessibilityNodeInfo
    boolean performAccessibilityAction(android.view.View,int,android.os.Bundle) -> performAccessibilityAction
    boolean canScroll() -> canScroll
android.support.v4.view.ViewPager$OnAdapterChangeListener -> android.support.v4.view.ViewPager$OnAdapterChangeListener:
    void onAdapterChanged(android.support.v4.view.PagerAdapter,android.support.v4.view.PagerAdapter) -> onAdapterChanged
android.support.v4.view.ViewPager$OnPageChangeListener -> android.support.v4.view.ViewPager$OnPageChangeListener:
    void onPageScrolled(int,float,int) -> onPageScrolled
    void onPageSelected(int) -> onPageSelected
    void onPageScrollStateChanged(int) -> onPageScrollStateChanged
android.support.v4.view.ViewPager$PageTransformer -> android.support.v4.view.ViewPager$PageTransformer:
    void transformPage(android.view.View,float) -> transformPage
android.support.v4.view.ViewPager$PagerObserver -> android.support.v4.view.ViewPager$PagerObserver:
    android.support.v4.view.ViewPager this$0 -> this$0
    void onChanged() -> onChanged
    void onInvalidated() -> onInvalidated
android.support.v4.view.ViewPager$SavedState -> android.support.v4.view.ViewPager$SavedState:
    int position -> position
    android.os.Parcelable adapterState -> adapterState
    java.lang.ClassLoader loader -> loader
    android.os.Parcelable$Creator CREATOR -> CREATOR
    void writeToParcel(android.os.Parcel,int) -> writeToParcel
    java.lang.String toString() -> toString
android.support.v4.view.ViewPager$SavedState$1 -> android.support.v4.view.ViewPager$SavedState$1:
    android.support.v4.view.ViewPager$SavedState createFromParcel(android.os.Parcel,java.lang.ClassLoader) -> createFromParcel
    android.support.v4.view.ViewPager$SavedState[] newArray(int) -> newArray
    java.lang.Object[] newArray(int) -> newArray
    java.lang.Object createFromParcel(android.os.Parcel,java.lang.ClassLoader) -> createFromParcel
android.support.v4.view.ViewPager$SimpleOnPageChangeListener -> android.support.v4.view.ViewPager$SimpleOnPageChangeListener:
    void onPageScrolled(int,float,int) -> onPageScrolled
    void onPageSelected(int) -> onPageSelected
    void onPageScrollStateChanged(int) -> onPageScrollStateChanged
android.support.v4.view.ViewPager$ViewPositionComparator -> android.support.v4.view.ViewPager$ViewPositionComparator:
    int compare(android.view.View,android.view.View) -> compare
    int compare(java.lang.Object,java.lang.Object) -> compare
android.support.v4.view.ViewParentCompat -> android.support.v4.view.ViewParentCompat:
    android.support.v4.view.ViewParentCompat$ViewParentCompatImpl IMPL -> IMPL
    boolean requestSendAccessibilityEvent(android.view.ViewParent,android.view.View,android.view.accessibility.AccessibilityEvent) -> requestSendAccessibilityEvent