proguard/usage.txt
com.zgcar.com.BuildConfig
com.zgcar.com.Manifest
com.zgcar.com.Manifest$permission
com.zgcar.com.R:
    10:10:public R()
com.zgcar.com.R$anim
com.zgcar.com.R$array
com.zgcar.com.R$attr
com.zgcar.com.R$bool
com.zgcar.com.R$color
com.zgcar.com.R$dimen
com.zgcar.com.R$drawable
com.zgcar.com.R$id
com.zgcar.com.R$integer
com.zgcar.com.R$layout
com.zgcar.com.R$menu
com.zgcar.com.R$raw
com.zgcar.com.R$string
com.zgcar.com.R$style
com.zgcar.com.R$styleable:
    3039:3039:public R$styleable()
com.zgcar.com.account.ActivitySafetyAreaEdit1:
    private static final int Circle_modify_MAX
com.zgcar.com.account.ActivitySafetyAreaEdit2:
    58:58:static synthetic boolean access$17(com.zgcar.com.account.ActivitySafetyAreaEdit2)
    53:53:static synthetic void access$18(com.zgcar.com.account.ActivitySafetyAreaEdit2,double)
    53:53:static synthetic void access$19(com.zgcar.com.account.ActivitySafetyAreaEdit2,double)
com.zgcar.com.account.ActivitySafetyAreaEdit2$11:
    427:443:public java.lang.String HtmlCallJava(java.lang.String,java.lang.String)
    424:424:static synthetic com.zgcar.com.account.ActivitySafetyAreaEdit2 access$0(com.zgcar.com.account.ActivitySafetyAreaEdit2$11)
com.zgcar.com.account.ActivitySafetyAreaEdit2$11$1
com.zgcar.com.account.ActivitySafetySearch1:
    180:190:public void nextButton()
com.zgcar.com.account.ActivitySafetySearch2:
    224:245:private void getSearchInfos(java.lang.String)
    48:48:static synthetic android.os.Handler access$2(com.zgcar.com.account.ActivitySafetySearch2)
    223:223:static synthetic void access$3(com.zgcar.com.account.ActivitySafetySearch2,java.lang.String)
com.zgcar.com.account.ActivitySafetySearch2$4:
    210:218:public void reciverList(java.lang.String)
    207:207:static synthetic com.zgcar.com.account.ActivitySafetySearch2 access$0(com.zgcar.com.account.ActivitySafetySearch2$4)
com.zgcar.com.account.ActivitySafetySearch2$4$1
com.zgcar.com.account.adapter.AdapterBlueTooth:
    24:27:public void addDevice(android.bluetooth.BluetoothDevice)
    30:30:public java.util.ArrayList getDevices()
com.zgcar.com.account.adapter.AdapterCheckPhoneMessage:
    38:40:public void addItem(com.zgcar.com.account.model.MessageInfos)
com.zgcar.com.account.adapter.AdapterSelectAdmin:
    130:131:public void setA(int)
com.zgcar.com.account.model.FamilyParentInfos:
    private static final long serialVersionUID
    49:49:public java.lang.String getImei()
    105:105:public java.lang.String getImage_link()
com.zgcar.com.account.model.GuysInfos:
    private static final long serialVersionUID
    105:105:public int getImageFlag()
    113:113:public java.lang.String getImageLink()
com.zgcar.com.account.model.ListInfosAccount:
    9:9:public ListInfosAccount()
com.zgcar.com.account.model.MessageInfos:
    private static final long serialVersionUID
    45:45:public int getId()
com.zgcar.com.account.model.MyAlarmInfos:
    private static final long serialVersionUID
    134:134:public java.lang.String getAlarmring_link()
com.zgcar.com.account.model.StudyModelInfos:
    private static final long serialVersionUID
    47:47:public java.lang.String getWeekDesc()
    56:56:public boolean isOpen()
    64:64:public boolean isRepeat()
com.zgcar.com.account.model.TerminalInfos:
    private static final long serialVersionUID
    52:52:public int getVolume()
    60:60:public int getBrightness()
    124:124:public java.lang.String getImei()
com.zgcar.com.db.Manager
...
android.support.v7.internal.view.menu.ActionMenuItemView:
    private static final java.lang.String TAG
    155:155:public void setShortcut(boolean,char)
    165:165:public boolean showsIcon()
android.support.v7.internal.view.menu.ActionMenuPresenter:
    private static final java.lang.String TAG
    136:138:public void setReserveOverflow(boolean)
    512:514:public android.os.Parcelable onSaveInstanceState()
    519:527:public void onRestoreInstanceState(android.os.Parcelable)
android.support.v7.internal.view.menu.ActionMenuView:
    private static final java.lang.String TAG
    static final int MIN_CELL_SIZE
    static final int GENERATED_ITEM_PADDING
    75:75:public boolean isExpandedFormat()
    500:500:public boolean isOverflowReserved()
android.support.v7.internal.view.menu.ActionMenuView$LayoutParams:
    613:615:public ActionMenuView$LayoutParams(int,int,boolean)
android.support.v7.internal.view.menu.BaseMenuPresenter:
    229:229:public int getId()
android.support.v7.internal.view.menu.BaseWrapper:
    31:31:public java.lang.Object getWrappedObject()
android.support.v7.internal.view.menu.ListMenuItemView:
    private static final java.lang.String TAG
    277:277:public boolean showsIcon()
android.support.v7.internal.view.menu.ListMenuPresenter:
    private static final java.lang.String TAG
    private int mId
    public static final java.lang.String VIEWS_TAG
    67:70:public ListMenuPresenter(android.content.Context,int)
    163:163:int getItemIndexOffset()
    167:171:public void setItemIndexOffset(int)
    192:197:public void saveHierarchyState(android.os.Bundle)
    200:204:public void restoreHierarchyState(android.os.Bundle)
    207:208:public void setId(int)
    212:212:public int getId()
    217:223:public android.os.Parcelable onSaveInstanceState()
    228:229:public void onRestoreInstanceState(android.os.Parcelable)
android.support.v7.internal.view.menu.MenuBuilder:
    private static final java.lang.String TAG
    private static final java.lang.String PRESENTER_KEY
    private static final java.lang.String ACTION_VIEW_STATES_KEY
    private static final java.lang.String EXPANDED_ACTION_VIEW_ID
    209:210:public android.support.v7.internal.view.menu.MenuBuilder setDefaultShowAsAction(int)
    276:298:private void dispatchSaveInstanceState(android.os.Bundle)
    301:321:private void dispatchRestoreInstanceState(android.os.Bundle)
    324:325:public void savePresenterStates(android.os.Bundle)
    328:329:public void restorePresenterStates(android.os.Bundle)
    533:534:public void removeItemAt(int)
    537:543:public void clearAll()
    747:753:public void setShortcutsVisible(boolean)
    1203:1204:protected android.support.v7.internal.view.menu.MenuBuilder setHeaderTitleInt(int)
    1227:1228:protected android.support.v7.internal.view.menu.MenuBuilder setHeaderIconInt(int)
    1272:1273:public void setCurrentMenuInfo(android.view.ContextMenu$ContextMenuInfo)
    1276:1277:void setOptionalIconsVisible(boolean)
android.support.v7.internal.view.menu.MenuDialogHelper:
    132:133:public void setPresenterCallback(android.support.v7.internal.view.menu.MenuPresenter$Callback)
android.support.v7.internal.view.menu.MenuItemImpl:
    private static final java.lang.String TAG
    private static final int SHOW_AS_ACTION_MASK
    private static final int CHECKABLE
    private static final int CHECKED
    private static final int EXCLUSIVE
    private static final int HIDDEN
    private static final int ENABLED
    private static final int IS_ACTION
    static final int NO_ICON
    233:233:java.lang.Runnable getCallback()
    237:238:public android.view.MenuItem setCallback(java.lang.Runnable)
android.support.v7.internal.view.menu.MenuItemWrapperICS:
    static final java.lang.String LOG_TAG